<?xml version="1.0" encoding="UTF-8"?>
<testng-results skipped="0" failed="0" ignored="0" total="1" passed="1">
  <reporter-output>
  </reporter-output>
  <suite name="Suite" duration-ms="13951" started-at="2019-10-16T15:32:18Z" finished-at="2019-10-16T15:32:32Z">
    <groups>
    </groups>
    <test name="Test" duration-ms="13951" started-at="2019-10-16T15:32:18Z" finished-at="2019-10-16T15:32:32Z">
      <class name="Test.WebTable">
        <test-method status="PASS" signature="webtables()[pri:0, instance:Test.WebTable@d8355a8]" name="webtables" duration-ms="13929" started-at="2019-10-16T21:02:18Z" finished-at="2019-10-16T21:02:32Z">
          <reporter-output>
          </reporter-output>
        </test-method> <!-- webtables -->
      </class> <!-- Test.WebTable -->
    </test> <!-- Test -->
  </suite> <!-- Suite -->
</testng-results>
